# JRE version: OpenJDK Runtime Environment Temurin-21.0.3+9 (21.0.3+9) (build 21.0.3+9-LTS)
# Java VM: OpenJDK 64-Bit Server VM Temurin-21.0.3+9 (21.0.3+9-LTS, mixed mode, emulated-client, tiered, compressed oops, compressed class ptrs, g1 gc, windows-amd64)
GC Precious Log:
 CardTable entry size: 512
 Card Set container configuration: InlinePtr #cards 4 size 8 Array Of Cards #cards 16 size 48 Howl #buckets 8 coarsen threshold 3686 Howl Bitmap #cards 512 size 80 coarsen threshold 460 Card regions per heap region 1 cards per card region 4096
 CPUs: 12 total, 12 available
 Memory: 16149M
 Large Page Support: Disabled
 NUMA Support: Disabled
 Compressed Oops: Enabled (Zero based)
 Heap Region Size: 2M
 Heap Min Capacity: 8M
 Heap Initial Capacity: 254M
 Heap Max Capacity: 4038M
 Pre-touch: Disabled
 Parallel Workers: 10
 Concurrent Workers: 3
 Concurrent Refinement Workers: 10
 Periodic GC: Disabled
Heap:
 garbage-first heap   total 116736K, used 44521K [0x0000000703a00000, 0x0000000800000000)
  region size 2048K, 6 young (12288K), 4 survivors (8192K)
 Metaspace       used 90870K, committed 91648K, reserved 1179648K
  class space    used 12322K, committed 12672K, reserved 1048576K
GC Heap History (20 events):
Event: 56.361 GC heap before
{Heap before GC invocations=24 (full 0):
 garbage-first heap   total 110592K, used 91216K [0x0000000703a00000, 0x0000000800000000)
  region size 2048K, 31 young (63488K), 3 survivors (6144K)
 Metaspace       used 77482K, committed 78208K, reserved 1179648K
  class space    used 10456K, committed 10816K, reserved 1048576K
}
Event: 56.364 GC heap after
{Heap after GC invocations=25 (full 0):
 garbage-first heap   total 110592K, used 35020K [0x0000000703a00000, 0x0000000800000000)
  region size 2048K, 2 young (4096K), 2 survivors (4096K)
 Metaspace       used 77482K, committed 78208K, reserved 1179648K
  class space    used 10456K, committed 10816K, reserved 1048576K
}
Event: 56.482 GC heap before
{Heap before GC invocations=25 (full 0):
 garbage-first heap   total 110592K, used 96460K [0x0000000703a00000, 0x0000000800000000)
  region size 2048K, 32 young (65536K), 2 survivors (4096K)
 Metaspace       used 78689K, committed 79424K, reserved 1179648K
  class space    used 10627K, committed 11008K, reserved 1048576K
}
Event: 56.487 GC heap after
{Heap after GC invocations=26 (full 0):
 garbage-first heap   total 110592K, used 42947K [0x0000000703a00000, 0x0000000800000000)
  region size 2048K, 4 young (8192K), 4 survivors (8192K)
 Metaspace       used 78689K, committed 79424K, reserved 1179648K
  class space    used 10627K, committed 11008K, reserved 1048576K
}
Event: 56.688 GC heap before
{Heap before GC invocations=26 (full 0):
 garbage-first heap   total 110592K, used 92099K [0x0000000703a00000, 0x0000000800000000)
  region size 2048K, 28 young (57344K), 4 survivors (8192K)
 Metaspace       used 78782K, committed 79552K, reserved 1179648K
  class space    used 10650K, committed 11008K, reserved 1048576K
}
Event: 56.696 GC heap after
{Heap after GC invocations=27 (full 0):
 garbage-first heap   total 110592K, used 52767K [0x0000000703a00000, 0x0000000800000000)
  region size 2048K, 4 young (8192K), 4 survivors (8192K)
 Metaspace       used 78782K, committed 79552K, reserved 1179648K
  class space    used 10650K, committed 11008K, reserved 1048576K
}
Event: 56.785 GC heap before
{Heap before GC invocations=27 (full 0):
 garbage-first heap   total 110592K, used 93727K [0x0000000703a00000, 0x0000000800000000)
  region size 2048K, 24 young (49152K), 4 survivors (8192K)
 Metaspace       used 78873K, committed 79616K, reserved 1179648K
  class space    used 10664K, committed 11008K, reserved 1048576K
}
Event: 56.789 GC heap after
{Heap after GC invocations=28 (full 0):
 garbage-first heap   total 143360K, used 55226K [0x0000000703a00000, 0x0000000800000000)
  region size 2048K, 1 young (2048K), 1 survivors (2048K)
 Metaspace       used 78873K, committed 79616K, reserved 1179648K
  class space    used 10664K, committed 11008K, reserved 1048576K
}
Event: 57.170 GC heap before
{Heap before GC invocations=28 (full 0):
 garbage-first heap   total 143360K, used 118714K [0x0000000703a00000, 0x0000000800000000)
  region size 2048K, 32 young (65536K), 1 survivors (2048K)
 Metaspace       used 80907K, committed 81664K, reserved 1179648K
  class space    used 10930K, committed 11264K, reserved 1048576K
}
Event: 57.173 GC heap after
{Heap after GC invocations=29 (full 0):
 garbage-first heap   total 143360K, used 57137K [0x0000000703a00000, 0x0000000800000000)
  region size 2048K, 2 young (4096K), 2 survivors (4096K)
 Metaspace       used 80907K, committed 81664K, reserved 1179648K
  class space    used 10930K, committed 11264K, reserved 1048576K
}
Event: 60.631 GC heap before
{Heap before GC invocations=29 (full 0):
 garbage-first heap   total 143360K, used 120625K [0x0000000703a00000, 0x0000000800000000)
  region size 2048K, 34 young (69632K), 2 survivors (4096K)
 Metaspace       used 85509K, committed 86336K, reserved 1179648K
  class space    used 11602K, committed 11968K, reserved 1048576K
}
Event: 60.638 GC heap after
{Heap after GC invocations=30 (full 0):
 garbage-first heap   total 143360K, used 60066K [0x0000000703a00000, 0x0000000800000000)
  region size 2048K, 4 young (8192K), 4 survivors (8192K)
 Metaspace       used 85509K, committed 86336K, reserved 1179648K
  class space    used 11602K, committed 11968K, reserved 1048576K
}
Event: 250.765 GC heap before
{Heap before GC invocations=30 (full 0):
 garbage-first heap   total 143360K, used 121506K [0x0000000703a00000, 0x0000000800000000)
  region size 2048K, 35 young (71680K), 4 survivors (8192K)
 Metaspace       used 89829K, committed 90624K, reserved 1179648K
  class space    used 12238K, committed 12608K, reserved 1048576K
}
Event: 250.772 GC heap after
{Heap after GC invocations=31 (full 0):
 garbage-first heap   total 143360K, used 61268K [0x0000000703a00000, 0x0000000800000000)
  region size 2048K, 3 young (6144K), 3 survivors (6144K)
 Metaspace       used 89829K, committed 90624K, reserved 1179648K
  class space    used 12238K, committed 12608K, reserved 1048576K
}
Event: 258.452 GC heap before
{Heap before GC invocations=31 (full 0):
 garbage-first heap   total 143360K, used 63316K [0x0000000703a00000, 0x0000000800000000)
  region size 2048K, 5 young (10240K), 3 survivors (6144K)
 Metaspace       used 89965K, committed 90816K, reserved 1179648K
  class space    used 12265K, committed 12672K, reserved 1048576K
}
Event: 258.506 GC heap after
{Heap after GC invocations=32 (full 1):
 garbage-first heap   total 116736K, used 30573K [0x0000000703a00000, 0x0000000800000000)
  region size 2048K, 0 young (0K), 0 survivors (0K)
 Metaspace       used 89575K, committed 90816K, reserved 1179648K
  class space    used 12166K, committed 12672K, reserved 1048576K
}
Event: 260.545 GC heap before
{Heap before GC invocations=32 (full 1):
 garbage-first heap   total 116736K, used 98157K [0x0000000703a00000, 0x0000000800000000)
  region size 2048K, 33 young (67584K), 0 survivors (0K)
 Metaspace       used 90065K, committed 90880K, reserved 1179648K
  class space    used 12239K, committed 12672K, reserved 1048576K
}
Event: 260.550 GC heap after
{Heap after GC invocations=33 (full 1):
 garbage-first heap   total 116736K, used 37492K [0x0000000703a00000, 0x0000000800000000)
  region size 2048K, 4 young (8192K), 4 survivors (8192K)
 Metaspace       used 90065K, committed 90880K, reserved 1179648K
  class space    used 12239K, committed 12672K, reserved 1048576K
}
Event: 264.519 GC heap before
{Heap before GC invocations=33 (full 1):
 garbage-first heap   total 116736K, used 94836K [0x0000000703a00000, 0x0000000800000000)
  region size 2048K, 32 young (65536K), 4 survivors (8192K)
 Metaspace       used 90854K, committed 91648K, reserved 1179648K
  class space    used 12322K, committed 12672K, reserved 1048576K
}
Event: 264.527 GC heap after
{Heap after GC invocations=34 (full 1):
 garbage-first heap   total 116736K, used 42473K [0x0000000703a00000, 0x0000000800000000)
  region size 2048K, 4 young (8192K), 4 survivors (8192K)
 Metaspace       used 90854K, committed 91648K, reserved 1179648K
  class space    used 12322K, committed 12672K, reserved 1048576K
}

